2025-07-17T09:12:32.645Z [info]:  Connected to Redis  .......
2025-07-17T09:12:32.657Z [info]: server running on port 3000
2025-07-17T09:19:13.501Z [info]:  Connected to Redis  .......
2025-07-17T09:19:13.507Z [info]: server running on port 3000
2025-07-17T09:19:35.587Z [info]:  Connected to Redis  .......
2025-07-17T09:19:35.593Z [info]: server running on port 3000
2025-07-17T09:19:54.469Z [info]:  Connected to Redis  .......
2025-07-17T09:19:54.475Z [info]: server running on port 3000
2025-07-17T09:20:19.158Z [info]:  Connected to Redis  .......
2025-07-17T09:20:19.163Z [info]: server running on port 3000
2025-07-17T09:21:09.337Z [info]:  Connected to Redis  .......
2025-07-17T09:21:09.343Z [info]: server running on port 3000
2025-07-17T09:21:28.979Z [info]:  Connected to Redis  .......
2025-07-17T09:23:10.821Z [info]:  Connected to Redis  .......
2025-07-17T09:25:22.456Z [info]:  Connected to Redis  .......
2025-07-17T09:26:17.074Z [info]:  Connected to Redis  .......
2025-07-17T09:29:07.866Z [info]:  Connected to Redis  .......
2025-07-17T09:53:44.540Z [info]:  Connected to Redis  .......
2025-07-17T09:56:09.240Z [info]:  Connected to Redis  .......
2025-07-17T09:56:09.245Z [info]: server running on port 3000
2025-07-17T09:56:52.926Z [info]:  Connected to Redis  .......
2025-07-17T09:56:52.933Z [info]: server running on port 3000
2025-07-17T09:59:18.155Z [info]:  Connected to Redis  .......
2025-07-17T09:59:18.160Z [info]: server running on port 3000
2025-07-17T10:01:38.954Z [info]:  Connected to Redis  .......
2025-07-17T10:01:38.958Z [info]: server running on port 3000
2025-07-17T10:02:02.707Z [info]:  Connected to Redis  .......
2025-07-17T10:02:02.713Z [info]: server running on port 3000
2025-07-17T10:16:32.090Z [info]: ✅ Socket.IO initialized
2025-07-17T10:16:32.209Z [info]:  Connected to Redis  .......
2025-07-17T10:16:32.212Z [info]: server running on port 3000
2025-07-17T10:17:22.954Z [info]: ✅ Socket.IO initialized
2025-07-17T10:17:23.081Z [info]:  Connected to Redis  .......
2025-07-17T10:17:23.086Z [info]: server running on port 3000
2025-07-17T10:19:00.269Z [info]: ✅ Socket.IO initialized
2025-07-17T10:19:00.376Z [info]:  Connected to Redis  .......
2025-07-17T10:19:00.379Z [info]: server running on port 3000
2025-07-17T10:20:26.329Z [info]: response is PONG
2025-07-17T10:20:26.331Z [info]: database is up
